<?xml version="1.0" encoding="UTF-8"?>
<testsuite xmlns:xsi="http://www.w3.org/2001/XMLSchema-instance" xsi:noNamespaceSchemaLocation="https://maven.apache.org/surefire/maven-surefire-plugin/xsd/surefire-test-report.xsd" name="org.apache.harmony.unpack200.bytecode.CPModuleTest" time="0" tests="12" errors="0" skipped="0" failures="0">
  <properties>
[...]
</properties>
  <testcase name="testTag" classname="org.apache.harmony.unpack200.bytecode.CPModuleTest" time="0"/>
  <testcase name="testNotEqualsDifferentName" classname="org.apache.harmony.unpack200.bytecode.CPModuleTest" time="0"/>
  <testcase name="testNotEqualsDifferentType" classname="org.apache.harmony.unpack200.bytecode.CPModuleTest" time="0"/>
  <testcase name="testDoWriteEmitsTagThenNameIndex" classname="org.apache.harmony.unpack200.bytecode.CPModuleTest" time="0"/>
  <testcase name="testToStringContainsName" classname="org.apache.harmony.unpack200.bytecode.CPModuleTest" time="0"/>
  <testcase name="testEqualsSelf" classname="org.apache.harmony.unpack200.bytecode.CPModuleTest" time="0"/>
  <testcase name="testConstructorNullThrows" classname="org.apache.harmony.unpack200.bytecode.CPModuleTest" time="0"/>
  <testcase name="testEqualsSameContent" classname="org.apache.harmony.unpack200.bytecode.CPModuleTest" time="0"/>
  <testcase name="testDuplicateInConstantPool" classname="org.apache.harmony.unpack200.bytecode.CPModuleTest" time="0"/>
  <testcase name="testNestedClassFileEntriesContainsUTF8" classname="org.apache.harmony.unpack200.bytecode.CPModuleTest" time="0"/>
  <testcase name="testNotEqualsNull" classname="org.apache.harmony.unpack200.bytecode.CPModuleTest" time="0"/>
  <testcase name="testConstructorSetsName" classname="org.apache.harmony.unpack200.bytecode.CPModuleTest" time="0"/>
</testsuite>