<?xml version="1.0" encoding="UTF-8"?>
<testsuite xmlns:xsi="http://www.w3.org/2001/XMLSchema-instance" xsi:noNamespaceSchemaLocation="https://maven.apache.org/surefire/maven-surefire-plugin/xsd/surefire-test-report.xsd" name="org.apache.harmony.unpack200.AttributeLayoutTest" time="0" tests="6" errors="0" skipped="0" failures="0">
  <properties>
[...]
</properties>
  <testcase name="testGetCodec" classname="org.apache.harmony.unpack200.AttributeLayoutTest" time="0"/>
  <testcase name="testBadData" classname="org.apache.harmony.unpack200.AttributeLayoutTest" time="0"/>
  <testcase name="testLayoutRSN" classname="org.apache.harmony.unpack200.AttributeLayoutTest" time="0"/>
  <testcase name="testLayoutRUN" classname="org.apache.harmony.unpack200.AttributeLayoutTest" time="0"/>
  <testcase name="testLayoutRS" classname="org.apache.harmony.unpack200.AttributeLayoutTest" time="0"/>
  <testcase name="testLayoutRU" classname="org.apache.harmony.unpack200.AttributeLayoutTest" time="0"/>
</testsuite>